<?xml version="1.0"?>
<testsuite name="PhantomJS 2.1.1 (Linux 0.0.0)" package="" timestamp="2017-08-18T16:08:15" id="0" hostname="dev-System-Product-Name" tests="3" errors="0" failures="2" time="0.725">
  <properties>
    <property name="browser.fullName" value="Mozilla/5.0 (Unknown; Linux x86_64) AppleWebKit/538.1 (KHTML, like Gecko) PhantomJS/2.1.1 Safari/538.1"/>
  </properties>
  <testcase name="1st test true is true" time="0.012" classname="PhantomJS_2_1_1_(Linux_0_0_0).1st test"/>
  <testcase name="AppComponent should create the app" time="0.491" classname="PhantomJS_2_1_1_(Linux_0_0_0).AppComponent">
    <failure type="">Failed: null is not an object (evaluating 'de.query(platform_browser_1.By.css('title')).nativeElement')
http://localhost:9876/_karma_webpack_/main.bundle.js:104:58
invoke@http://localhost:9876/_karma_webpack_/polyfills.bundle.js:10627:31
onInvoke@http://localhost:9876/_karma_webpack_/vendor.bundle.js:4655:45
onInvoke@http://localhost:9876/_karma_webpack_/vendor.bundle.js:5456:47
invoke@http://localhost:9876/_karma_webpack_/polyfills.bundle.js:10626:40
runGuarded@http://localhost:9876/_karma_webpack_/polyfills.bundle.js:10390:53
runInTestZone@http://localhost:9876/_karma_webpack_/vendor.bundle.js:53406:35
http://localhost:9876/_karma_webpack_/vendor.bundle.js:53345:26
invoke@http://localhost:9876/_karma_webpack_/polyfills.bundle.js:10627:31
onInvoke@http://localhost:9876/_karma_webpack_/vendor.bundle.js:5459:45
invoke@http://localhost:9876/_karma_webpack_/polyfills.bundle.js:10626:40
run@http://localhost:9876/_karma_webpack_/polyfills.bundle.js:10377:49
http://localhost:9876/_karma_webpack_/vendor.bundle.js:5154:37
execute@http://localhost:9876/_karma_webpack_/vendor.bundle.js:5184:46
execute@http://localhost:9876/_karma_webpack_/vendor.bundle.js:5184:46
invokeTask@http://localhost:9876/_karma_webpack_/polyfills.bundle.js:10660:36
runTask@http://localhost:9876/_karma_webpack_/polyfills.bundle.js:10427:57
drainMicroTaskQueue@http://localhost:9876/_karma_webpack_/polyfills.bundle.js:10831:42
</failure>
    <failure type="">Expected undefined to be truthy.
http://localhost:9876/_karma_webpack_/main.bundle.js:108:31
invoke@http://localhost:9876/_karma_webpack_/polyfills.bundle.js:10627:31
onInvoke@http://localhost:9876/_karma_webpack_/vendor.bundle.js:4655:45
onInvoke@http://localhost:9876/_karma_webpack_/vendor.bundle.js:5456:47
invoke@http://localhost:9876/_karma_webpack_/polyfills.bundle.js:10626:40
runGuarded@http://localhost:9876/_karma_webpack_/polyfills.bundle.js:10390:53
runInTestZone@http://localhost:9876/_karma_webpack_/vendor.bundle.js:53406:35
http://localhost:9876/_karma_webpack_/vendor.bundle.js:53345:26
invoke@http://localhost:9876/_karma_webpack_/polyfills.bundle.js:10627:31
onInvoke@http://localhost:9876/_karma_webpack_/vendor.bundle.js:5459:45
invoke@http://localhost:9876/_karma_webpack_/polyfills.bundle.js:10626:40
run@http://localhost:9876/_karma_webpack_/polyfills.bundle.js:10377:49
http://localhost:9876/_karma_webpack_/vendor.bundle.js:5154:37
invokeTask@http://localhost:9876/_karma_webpack_/polyfills.bundle.js:10660:36
onInvokeTask@http://localhost:9876/_karma_webpack_/vendor.bundle.js:5483:49
invokeTask@http://localhost:9876/_karma_webpack_/polyfills.bundle.js:10659:48
runTask@http://localhost:9876/_karma_webpack_/polyfills.bundle.js:10427:57
invokeTask@http://localhost:9876/_karma_webpack_/polyfills.bundle.js:10734:41
invoke@http://localhost:9876/_karma_webpack_/polyfills.bundle.js:10723:53
timer@http://localhost:9876/_karma_webpack_/polyfills.bundle.js:12065:34
</failure>
  </testcase>
  <testcase name="AppComponent should has a links" time="0.222" classname="PhantomJS_2_1_1_(Linux_0_0_0).AppComponent">
    <failure type="">Failed: null is not an object (evaluating 'de.query(platform_browser_1.By.css('title')).nativeElement')
http://localhost:9876/_karma_webpack_/main.bundle.js:104:58
invoke@http://localhost:9876/_karma_webpack_/polyfills.bundle.js:10627:31
onInvoke@http://localhost:9876/_karma_webpack_/vendor.bundle.js:4655:45
onInvoke@http://localhost:9876/_karma_webpack_/vendor.bundle.js:5456:47
invoke@http://localhost:9876/_karma_webpack_/polyfills.bundle.js:10626:40
runGuarded@http://localhost:9876/_karma_webpack_/polyfills.bundle.js:10390:53
runInTestZone@http://localhost:9876/_karma_webpack_/vendor.bundle.js:53406:35
http://localhost:9876/_karma_webpack_/vendor.bundle.js:53345:26
invoke@http://localhost:9876/_karma_webpack_/polyfills.bundle.js:10627:31
onInvoke@http://localhost:9876/_karma_webpack_/vendor.bundle.js:5459:45
invoke@http://localhost:9876/_karma_webpack_/polyfills.bundle.js:10626:40
run@http://localhost:9876/_karma_webpack_/polyfills.bundle.js:10377:49
http://localhost:9876/_karma_webpack_/vendor.bundle.js:5154:37
execute@http://localhost:9876/_karma_webpack_/vendor.bundle.js:5184:46
invokeTask@http://localhost:9876/_karma_webpack_/polyfills.bundle.js:10660:36
runTask@http://localhost:9876/_karma_webpack_/polyfills.bundle.js:10427:57
drainMicroTaskQueue@http://localhost:9876/_karma_webpack_/polyfills.bundle.js:10831:42
invokeTask@http://localhost:9876/_karma_webpack_/polyfills.bundle.js:10738:40
invoke@http://localhost:9876/_karma_webpack_/polyfills.bundle.js:10723:53
timer@http://localhost:9876/_karma_webpack_/polyfills.bundle.js:12065:34
</failure>
    <failure type="">Failed: undefined is not an object (evaluating 'el.textContent')
http://localhost:9876/_karma_webpack_/main.bundle.js:111:18
invoke@http://localhost:9876/_karma_webpack_/polyfills.bundle.js:10627:31
onInvoke@http://localhost:9876/_karma_webpack_/vendor.bundle.js:4655:45
onInvoke@http://localhost:9876/_karma_webpack_/vendor.bundle.js:5456:47
invoke@http://localhost:9876/_karma_webpack_/polyfills.bundle.js:10626:40
runGuarded@http://localhost:9876/_karma_webpack_/polyfills.bundle.js:10390:53
runInTestZone@http://localhost:9876/_karma_webpack_/vendor.bundle.js:53406:35
http://localhost:9876/_karma_webpack_/vendor.bundle.js:53345:26
invoke@http://localhost:9876/_karma_webpack_/polyfills.bundle.js:10627:31
onInvoke@http://localhost:9876/_karma_webpack_/vendor.bundle.js:5459:45
invoke@http://localhost:9876/_karma_webpack_/polyfills.bundle.js:10626:40
run@http://localhost:9876/_karma_webpack_/polyfills.bundle.js:10377:49
http://localhost:9876/_karma_webpack_/vendor.bundle.js:5154:37
invokeTask@http://localhost:9876/_karma_webpack_/polyfills.bundle.js:10660:36
onInvokeTask@http://localhost:9876/_karma_webpack_/vendor.bundle.js:5483:49
invokeTask@http://localhost:9876/_karma_webpack_/polyfills.bundle.js:10659:48
runTask@http://localhost:9876/_karma_webpack_/polyfills.bundle.js:10427:57
invokeTask@http://localhost:9876/_karma_webpack_/polyfills.bundle.js:10734:41
invoke@http://localhost:9876/_karma_webpack_/polyfills.bundle.js:10723:53
timer@http://localhost:9876/_karma_webpack_/polyfills.bundle.js:12065:34
</failure>
  </testcase>
  <system-out>
    <![CDATA[
]]>
  </system-out>
  <system-err/>
</testsuite>