<?xml version="1.0"?>
<testsuite name="PhantomJS 2.1.1 (Linux 0.0.0)" package="" timestamp="2017-08-17T11:53:44" id="0" hostname="homepc" tests="2" errors="0" failures="0" time="0.284">
  <properties>
    <property name="browser.fullName" value="Mozilla/5.0 (Unknown; Linux x86_64) AppleWebKit/538.1 (KHTML, like Gecko) PhantomJS/2.1.1 Safari/538.1"/>
  </properties>
  <testcase name="1st test true is true" time="0.027" classname="PhantomJS_2_1_1_(Linux_0_0_0).1st test"/>
  <testcase name="AppComponent should create the app" time="0.257" classname="PhantomJS_2_1_1_(Linux_0_0_0).AppComponent"/>
  <system-out>
    <![CDATA[
]]>
  </system-out>
  <system-err/>
</testsuite>