<?xml version="1.0"?>
<testsuite name="Chrome 60.0.3112 (Linux 0.0.0)" package="" timestamp="2017-08-17T11:37:23" id="0" hostname="homepc" tests="2" errors="0" failures="0" time="0.312">
  <properties>
    <property name="browser.fullName" value="Mozilla/5.0 (X11; Linux x86_64) AppleWebKit/537.36 (KHTML, like Gecko) Chrome/60.0.3112.101 Safari/537.36"/>
  </properties>
  <testcase name="1st test true is true" time="0.006" classname="Chrome_60_0_3112_(Linux_0_0_0).1st test"/>
  <testcase name="AppComponent should create the app" time="0.306" classname="Chrome_60_0_3112_(Linux_0_0_0).AppComponent"/>
  <system-out>
    <![CDATA[
]]>
  </system-out>
  <system-err/>
</testsuite>